** Daemonized, any open files are closed.  Look at log/mongrel.pid and log/mongrel.log for info.
** Starting Mongrel listening at 0.0.0.0:8001
** Starting Rails with production environment...
/var/www/rails/planb_forum/config/boot.rb:38:Warning: require_gem is obsolete.  Use gem instead.
Install the ruby-openid gem to enable OpenID support
** Rails loaded.
** Loading any Rails specific GemPlugins
** Signals ready.  TERM => stop.  USR2 => restart.  INT => stop (no restart).
** Rails signals registered.  HUP => reload (without restart).  It might not work well.
** Mongrel available at 0.0.0.0:8001
** Writing PID file to log/mongrel.pid
** TERM signal received.
** Daemonized, any open files are closed.  Look at log/mongrel.pid and log/mongrel.log for info.
** Starting Mongrel listening at 0.0.0.0:8001
** Starting Rails with production environment...
/var/www/rails/planb_forum/config/boot.rb:38:Warning: require_gem is obsolete.  Use gem instead.
Install the ruby-openid gem to enable OpenID support
** Rails loaded.
** Loading any Rails specific GemPlugins
** Signals ready.  TERM => stop.  USR2 => restart.  INT => stop (no restart).
** Rails signals registered.  HUP => reload (without restart).  It might not work well.
** Mongrel available at 0.0.0.0:8001
** Writing PID file to log/mongrel.pid
** TERM signal received.
** Daemonized, any open files are closed.  Look at log/mongrel.pid and log/mongrel.log for info.
** Starting Mongrel listening at 0.0.0.0:8001
** Starting Rails with production environment...
/var/www/rails/planb_forum/config/boot.rb:38:Warning: require_gem is obsolete.  Use gem instead.
Install the ruby-openid gem to enable OpenID support
** Rails loaded.
** Loading any Rails specific GemPlugins
** Signals ready.  TERM => stop.  USR2 => restart.  INT => stop (no restart).
** Rails signals registered.  HUP => reload (without restart).  It might not work well.
** Mongrel available at 0.0.0.0:8001
** Writing PID file to log/mongrel.pid
