# Logfile created on Fri Jul 06 01:57:06 UTC 2007 by logger.rb/1.5.2.7
Access denied for user 'forum'@'localhost' to database 'beast_prod'
/usr/lib/ruby/gems/1.8/gems/activerecord-1.15.3/lib/active_record/connection_adapters/mysql_adapter.rb:389:in `real_connect'
/usr/lib/ruby/gems/1.8/gems/activerecord-1.15.3/lib/active_record/connection_adapters/mysql_adapter.rb:389:in `connect'
/usr/lib/ruby/gems/1.8/gems/activerecord-1.15.3/lib/active_record/connection_adapters/mysql_adapter.rb:152:in `initialize'
/usr/lib/ruby/gems/1.8/gems/activerecord-1.15.3/lib/active_record/connection_adapters/mysql_adapter.rb:82:in `mysql_connection'
/usr/lib/ruby/gems/1.8/gems/activerecord-1.15.3/lib/active_record/connection_adapters/abstract/connection_specification.rb:262:in `connection_without_query_cache='
/usr/lib/ruby/gems/1.8/gems/activerecord-1.15.3/lib/active_record/query_cache.rb:54:in `connection='
/usr/lib/ruby/gems/1.8/gems/activerecord-1.15.3/lib/active_record/connection_adapters/abstract/connection_specification.rb:230:in `retrieve_connection'
/usr/lib/ruby/gems/1.8/gems/activerecord-1.15.3/lib/active_record/connection_adapters/abstract/connection_specification.rb:78:in `connection'
/usr/lib/ruby/gems/1.8/gems/activerecord-1.15.3/lib/active_record/base.rb:763:in `columns'
/usr/lib/ruby/gems/1.8/gems/activerecord-1.15.3/lib/active_record/base.rb:771:in `columns_hash'
/usr/lib/ruby/gems/1.8/gems/actionpack-1.13.3/lib/action_controller/session/active_record_store.rb:105:in `setup_sessid_compatibility!'
/usr/lib/ruby/gems/1.8/gems/actionpack-1.13.3/lib/action_controller/session/active_record_store.rb:79:in `find_by_session_id'
/usr/lib/ruby/gems/1.8/gems/actionpack-1.13.3/lib/action_controller/session/active_record_store.rb:283:in `initialize'
/usr/lib/ruby/gems/1.8/gems/activerecord-1.15.3/lib/active_record/base.rb:867:in `silence'
/usr/lib/ruby/gems/1.8/gems/actionpack-1.13.3/lib/action_controller/session/active_record_store.rb:283:in `initialize'
/usr/lib/ruby/1.8/cgi/session.rb:273:in `initialize'
/usr/lib/ruby/gems/1.8/gems/actionpack-1.13.3/lib/action_controller/cgi_process.rb:123:in `session'
/usr/lib/ruby/gems/1.8/gems/actionpack-1.13.3/lib/action_controller/cgi_process.rb:155:in `stale_session_check!'
/usr/lib/ruby/gems/1.8/gems/actionpack-1.13.3/lib/action_controller/cgi_process.rb:110:in `session'
/usr/lib/ruby/gems/1.8/gems/actionpack-1.13.3/lib/action_controller/base.rb:1052:in `assign_shortcuts_without_flash'
/usr/lib/ruby/gems/1.8/gems/actionpack-1.13.3/lib/action_controller/flash.rb:140:in `assign_shortcuts'
/usr/lib/ruby/gems/1.8/gems/actionpack-1.13.3/lib/action_controller/base.rb:424:in `process_without_filters'
/usr/lib/ruby/gems/1.8/gems/actionpack-1.13.3/lib/action_controller/filters.rb:624:in `process_without_session_management_support'
/usr/lib/ruby/gems/1.8/gems/actionpack-1.13.3/lib/action_controller/session_management.rb:114:in `process'
/usr/lib/ruby/gems/1.8/gems/actionpack-1.13.3/lib/action_controller/base.rb:330:in `process'
/usr/lib/ruby/gems/1.8/gems/rails-1.2.3/lib/dispatcher.rb:41:in `dispatch'
/usr/lib/ruby/gems/1.8/gems/mongrel-1.0.1/lib/mongrel/rails.rb:78:in `process'
/usr/lib/ruby/gems/1.8/gems/mongrel-1.0.1/lib/mongrel/rails.rb:76:in `process'
/usr/lib/ruby/gems/1.8/gems/mongrel-1.0.1/lib/mongrel.rb:618:in `process_client'
/usr/lib/ruby/gems/1.8/gems/mongrel-1.0.1/lib/mongrel.rb:617:in `process_client'
/usr/lib/ruby/gems/1.8/gems/mongrel-1.0.1/lib/mongrel.rb:736:in `run'
/usr/lib/ruby/gems/1.8/gems/mongrel-1.0.1/lib/mongrel.rb:736:in `run'
/usr/lib/ruby/gems/1.8/gems/mongrel-1.0.1/lib/mongrel.rb:720:in `run'
/usr/lib/ruby/gems/1.8/gems/mongrel-1.0.1/lib/mongrel/configurator.rb:271:in `run'
/usr/lib/ruby/gems/1.8/gems/mongrel-1.0.1/lib/mongrel/configurator.rb:270:in `run'
/usr/lib/ruby/gems/1.8/gems/mongrel-1.0.1/bin/mongrel_rails:127:in `run'
/usr/lib/ruby/gems/1.8/gems/mongrel-1.0.1/lib/mongrel/command.rb:211:in `run'
/usr/lib/ruby/gems/1.8/gems/mongrel-1.0.1/bin/mongrel_rails:243
/usr/bin/mongrel_rails:16
Access denied for user 'forum'@'localhost' to database 'beast_prod'
/usr/lib/ruby/gems/1.8/gems/activerecord-1.15.3/lib/active_record/connection_adapters/mysql_adapter.rb:389:in `real_connect'
/usr/lib/ruby/gems/1.8/gems/activerecord-1.15.3/lib/active_record/connection_adapters/mysql_adapter.rb:389:in `connect'
/usr/lib/ruby/gems/1.8/gems/activerecord-1.15.3/lib/active_record/connection_adapters/mysql_adapter.rb:152:in `initialize'
/usr/lib/ruby/gems/1.8/gems/activerecord-1.15.3/lib/active_record/connection_adapters/mysql_adapter.rb:82:in `mysql_connection'
/usr/lib/ruby/gems/1.8/gems/activerecord-1.15.3/lib/active_record/connection_adapters/abstract/connection_specification.rb:262:in `connection_without_query_cache='
/usr/lib/ruby/gems/1.8/gems/activerecord-1.15.3/lib/active_record/query_cache.rb:54:in `connection='
/usr/lib/ruby/gems/1.8/gems/activerecord-1.15.3/lib/active_record/connection_adapters/abstract/connection_specification.rb:230:in `retrieve_connection'
/usr/lib/ruby/gems/1.8/gems/activerecord-1.15.3/lib/active_record/connection_adapters/abstract/connection_specification.rb:78:in `connection'
/usr/lib/ruby/gems/1.8/gems/activerecord-1.15.3/lib/active_record/base.rb:763:in `columns'
/usr/lib/ruby/gems/1.8/gems/activerecord-1.15.3/lib/active_record/base.rb:771:in `columns_hash'
/usr/lib/ruby/gems/1.8/gems/actionpack-1.13.3/lib/action_controller/session/active_record_store.rb:105:in `setup_sessid_compatibility!'
/usr/lib/ruby/gems/1.8/gems/actionpack-1.13.3/lib/action_controller/session/active_record_store.rb:79:in `find_by_session_id'
/usr/lib/ruby/gems/1.8/gems/actionpack-1.13.3/lib/action_controller/session/active_record_store.rb:283:in `initialize'
/usr/lib/ruby/gems/1.8/gems/activerecord-1.15.3/lib/active_record/base.rb:867:in `silence'
/usr/lib/ruby/gems/1.8/gems/actionpack-1.13.3/lib/action_controller/session/active_record_store.rb:283:in `initialize'
/usr/lib/ruby/1.8/cgi/session.rb:273:in `initialize'
/usr/lib/ruby/gems/1.8/gems/actionpack-1.13.3/lib/action_controller/cgi_process.rb:123:in `session'
/usr/lib/ruby/gems/1.8/gems/actionpack-1.13.3/lib/action_controller/cgi_process.rb:155:in `stale_session_check!'
/usr/lib/ruby/gems/1.8/gems/actionpack-1.13.3/lib/action_controller/cgi_process.rb:110:in `session'
/usr/lib/ruby/gems/1.8/gems/actionpack-1.13.3/lib/action_controller/base.rb:1052:in `assign_shortcuts_without_flash'
/usr/lib/ruby/gems/1.8/gems/actionpack-1.13.3/lib/action_controller/flash.rb:140:in `assign_shortcuts'
/usr/lib/ruby/gems/1.8/gems/actionpack-1.13.3/lib/action_controller/base.rb:424:in `process_without_filters'
/usr/lib/ruby/gems/1.8/gems/actionpack-1.13.3/lib/action_controller/filters.rb:624:in `process_without_session_management_support'
/usr/lib/ruby/gems/1.8/gems/actionpack-1.13.3/lib/action_controller/session_management.rb:114:in `process'
/usr/lib/ruby/gems/1.8/gems/actionpack-1.13.3/lib/action_controller/base.rb:330:in `process'
/usr/lib/ruby/gems/1.8/gems/rails-1.2.3/lib/dispatcher.rb:41:in `dispatch'
/usr/lib/ruby/gems/1.8/gems/mongrel-1.0.1/lib/mongrel/rails.rb:78:in `process'
/usr/lib/ruby/gems/1.8/gems/mongrel-1.0.1/lib/mongrel/rails.rb:76:in `process'
/usr/lib/ruby/gems/1.8/gems/mongrel-1.0.1/lib/mongrel.rb:618:in `process_client'
/usr/lib/ruby/gems/1.8/gems/mongrel-1.0.1/lib/mongrel.rb:617:in `process_client'
/usr/lib/ruby/gems/1.8/gems/mongrel-1.0.1/lib/mongrel.rb:736:in `run'
/usr/lib/ruby/gems/1.8/gems/mongrel-1.0.1/lib/mongrel.rb:736:in `run'
/usr/lib/ruby/gems/1.8/gems/mongrel-1.0.1/lib/mongrel.rb:720:in `run'
/usr/lib/ruby/gems/1.8/gems/mongrel-1.0.1/lib/mongrel/configurator.rb:271:in `run'
/usr/lib/ruby/gems/1.8/gems/mongrel-1.0.1/lib/mongrel/configurator.rb:270:in `run'
/usr/lib/ruby/gems/1.8/gems/mongrel-1.0.1/bin/mongrel_rails:127:in `run'
/usr/lib/ruby/gems/1.8/gems/mongrel-1.0.1/lib/mongrel/command.rb:211:in `run'
/usr/lib/ruby/gems/1.8/gems/mongrel-1.0.1/bin/mongrel_rails:243
/usr/bin/mongrel_rails:16
