# Logfile created on Sun May 27 12:16:51 -0400 2007 by logger.rb/1.5.2.9
  [4;36;1mSQL (0.000102)[0m   [0;1mSET SQL_AUTO_IS_NULL=0[0m
  [4;35;1mSQL (0.013208)[0m   [0mselect count(*) from extension_meta[0m
  [4;36;1mRadiant::ExtensionMeta Columns (0.000601)[0m   [0;1mSHOW FIELDS FROM extension_meta[0m
  [4;35;1mRadiant::ExtensionMeta Load (0.000182)[0m   [0mSELECT * FROM extension_meta WHERE (extension_meta.`name` = 'Markdown Filter') LIMIT 1[0m
  [4;36;1mSQL (0.000047)[0m   [0;1mBEGIN[0m
  [4;35;1mRadiant::ExtensionMeta Load (0.000171)[0m   [0mSELECT * FROM extension_meta WHERE (extension_meta.name = 'Markdown Filter') LIMIT 1[0m
  [4;36;1mSQL (0.000151)[0m   [0;1mINSERT INTO extension_meta (`name`, `schema_version`, `enabled`) VALUES('Markdown Filter', 0, 1)[0m
  [4;35;1mSQL (0.014720)[0m   [0mCOMMIT[0m
  [4;36;1mRadiant::ExtensionMeta Load (0.000259)[0m   [0;1mSELECT * FROM extension_meta WHERE (extension_meta.`name` = 'Textile Filter') LIMIT 1[0m
  [4;35;1mSQL (0.000045)[0m   [0mBEGIN[0m
  [4;36;1mRadiant::ExtensionMeta Load (0.000129)[0m   [0;1mSELECT * FROM extension_meta WHERE (extension_meta.name = 'Textile Filter') LIMIT 1[0m
  [4;35;1mSQL (0.000126)[0m   [0mINSERT INTO extension_meta (`name`, `schema_version`, `enabled`) VALUES('Textile Filter', 0, 1)[0m
  [4;36;1mSQL (0.000306)[0m   [0;1mCOMMIT[0m
  [4;36;1mSQL (0.000102)[0m   [0;1mSET SQL_AUTO_IS_NULL=0[0m
  [4;35;1mSQL (0.000254)[0m   [0mselect count(*) from extension_meta[0m
  [4;36;1mRadiant::ExtensionMeta Columns (0.000622)[0m   [0;1mSHOW FIELDS FROM extension_meta[0m
  [4;35;1mRadiant::ExtensionMeta Load (0.000278)[0m   [0mSELECT * FROM extension_meta WHERE (extension_meta.`name` = 'Markdown Filter') LIMIT 1[0m
  [4;36;1mRadiant::ExtensionMeta Load (0.000249)[0m   [0;1mSELECT * FROM extension_meta WHERE (extension_meta.`name` = 'Textile Filter') LIMIT 1[0m


Processing SiteController#show_page (for 127.0.0.1 at 2007-05-27 12:51:08) [GET]
  Parameters: {"url"=>"/", "action"=>"show_page", "controller"=>"site"}
  [4;35;1mRadiant::Config Columns (0.002708)[0m   [0mSHOW FIELDS FROM config[0m
  [4;36;1mRadiant::Config Load (0.000524)[0m   [0;1mSELECT * FROM config WHERE (config.`key` = 'dev.host') LIMIT 1[0m
  [4;35;1mRadiant::Config Load (0.000282)[0m   [0mSELECT * FROM config WHERE (config.`key` = 'dev.host') LIMIT 1[0m
  [4;36;1mPage Columns (0.002181)[0m   [0;1mSHOW FIELDS FROM pages[0m
  [4;35;1mPage Load (0.000646)[0m   [0mSELECT * FROM pages WHERE (pages.`parent_id` IS NULL) LIMIT 1[0m
  [4;36;1mLayout Columns (0.001473)[0m   [0;1mSHOW FIELDS FROM layouts[0m
  [4;35;1mLayout Load (0.000627)[0m   [0mSELECT * FROM layouts WHERE (layouts.`id` = 1) ORDER BY name[0m
  [4;36;1mSnippet Columns (0.001508)[0m   [0;1mSHOW FIELDS FROM snippets[0m
  [4;35;1mSnippet Load (0.000589)[0m   [0mSELECT * FROM snippets WHERE (snippets.`name` = 'header') LIMIT 1[0m
  [4;36;1mPagePart Columns (0.001215)[0m   [0;1mSHOW FIELDS FROM page_parts[0m
  [4;35;1mPagePart Load (0.000494)[0m   [0mSELECT * FROM page_parts WHERE (page_parts.page_id = 1) AND (page_parts.`name` = 'body') LIMIT 1[0m
  [4;36;1mPage Load (0.000411)[0m   [0;1mSELECT * FROM pages WHERE (pages.`parent_id` IS NULL) LIMIT 1[0m
  [4;35;1mPage Load (0.000434)[0m   [0mSELECT * FROM pages WHERE (pages.parent_id = 1) AND (pages.`slug` = 'articles') LIMIT 1[0m
  [4;36;1mArchivePage Columns (0.001805)[0m   [0;1mSHOW FIELDS FROM pages[0m
  [4;35;1mPage Load (0.000609)[0m   [0mSELECT * FROM pages WHERE (pages.`id` = 1) [0m
  [4;36;1mPage Load (0.000613)[0m   [0;1mSELECT * FROM pages WHERE (pages.parent_id = 4 AND ((virtual = 0) and (status_id = 100))) ORDER BY published_at DESC, virtual DESC, title ASC LIMIT 1[0m
  [4;35;1mPage Load (0.000366)[0m   [0mSELECT * FROM pages WHERE (pages.`id` = 4) [0m
  [4;36;1mPage Load (0.000340)[0m   [0;1mSELECT * FROM pages WHERE (pages.`id` = 1) [0m
  [4;35;1mPagePart Load (0.000470)[0m   [0mSELECT * FROM page_parts WHERE (page_parts.page_id = 8) AND (page_parts.`name` = 'body') LIMIT 1[0m
  [4;36;1mPagePart Load (0.000490)[0m   [0;1mSELECT * FROM page_parts WHERE (page_parts.page_id = 8) AND (page_parts.`name` = 'extended') LIMIT 1[0m
  [4;35;1mUser Columns (0.001442)[0m   [0mSHOW FIELDS FROM users[0m
  [4;36;1mUser Load (0.000593)[0m   [0;1mSELECT * FROM users WHERE (users.`id` = 1) ORDER BY name[0m
  [4;35;1mPage Load (0.000641)[0m   [0mSELECT * FROM pages WHERE (pages.parent_id = 4 AND ((virtual = 0) and (status_id = 100))) ORDER BY published_at DESC, virtual DESC, title ASC LIMIT 1, 4[0m
  [4;36;1mPage Load (0.000409)[0m   [0;1mSELECT * FROM pages WHERE (pages.`id` = 4) [0m
  [4;35;1mPage Load (0.000370)[0m   [0mSELECT * FROM pages WHERE (pages.`id` = 1) [0m
  [4;36;1mPagePart Load (0.013772)[0m   [0;1mSELECT * FROM page_parts WHERE (page_parts.page_id = 6) AND (page_parts.`name` = 'body') LIMIT 1[0m
  [4;35;1mPagePart Load (0.001078)[0m   [0mSELECT * FROM page_parts WHERE (page_parts.page_id = 6) AND (page_parts.`name` = 'extended') LIMIT 1[0m
  [4;36;1mUser Load (0.000379)[0m   [0;1mSELECT * FROM users WHERE (users.`id` = 1) ORDER BY name[0m
  [4;35;1mPage Load (0.000402)[0m   [0mSELECT * FROM pages WHERE (pages.`id` = 4) [0m
  [4;36;1mPage Load (0.000351)[0m   [0;1mSELECT * FROM pages WHERE (pages.`id` = 1) [0m
  [4;35;1mPagePart Load (0.000524)[0m   [0mSELECT * FROM page_parts WHERE (page_parts.page_id = 5) AND (page_parts.`name` = 'body') LIMIT 1[0m
  [4;36;1mPagePart Load (0.000482)[0m   [0;1mSELECT * FROM page_parts WHERE (page_parts.page_id = 5) AND (page_parts.`name` = 'extended') LIMIT 1[0m
  [4;35;1mUser Load (0.000358)[0m   [0mSELECT * FROM users WHERE (users.`id` = 1) ORDER BY name[0m
  [4;36;1mPagePart Load (0.000480)[0m   [0;1mSELECT * FROM page_parts WHERE (page_parts.page_id = 1) AND (page_parts.`name` = 'extended') LIMIT 1[0m
  [4;35;1mPagePart Load (0.000341)[0m   [0mSELECT * FROM page_parts WHERE (page_parts.page_id = 1) AND (page_parts.`name` = 'sidebar') LIMIT 1[0m
  [4;36;1mPagePart Load (0.000375)[0m   [0;1mSELECT * FROM page_parts WHERE (page_parts.page_id = 1) AND (page_parts.`name` = 'sidebar') LIMIT 1[0m
  [4;35;1mPage Load (0.000443)[0m   [0mSELECT * FROM pages WHERE (pages.`parent_id` IS NULL) LIMIT 1[0m
  [4;36;1mPage Load (0.000412)[0m   [0;1mSELECT * FROM pages WHERE (pages.parent_id = 1) AND (pages.`slug` = 'articles') LIMIT 1[0m
  [4;35;1mPage Load (0.000374)[0m   [0mSELECT * FROM pages WHERE (pages.`id` = 1) [0m
  [4;36;1mPage Load (0.000596)[0m   [0;1mSELECT * FROM pages WHERE (pages.parent_id = 4 AND ((virtual = 0) and (status_id = 100))) ORDER BY published_at DESC, virtual DESC, title ASC LIMIT 5, 10[0m
  [4;35;1mSnippet Load (0.000492)[0m   [0mSELECT * FROM snippets WHERE (snippets.`name` = 'footer') LIMIT 1[0m
  [4;36;1mRadiant::Config Load (0.000403)[0m   [0;1mSELECT * FROM config WHERE (config.`key` = 'dev.host') LIMIT 1[0m
Cached page: /var/www/rails/planb-site/config/../cache/index (0.00051)
Completed in 0.55607 (1 reqs/sec) | DB: 0.04401 (7%) | 200 OK [http://localhost/]
  [4;35;1mRadiant::ExtensionMeta Columns (0.001065)[0m   [0mSHOW FIELDS FROM extension_meta[0m
  [4;36;1mRadiant::ExtensionMeta Load (0.000496)[0m   [0;1mSELECT * FROM extension_meta WHERE (extension_meta.`name` = 'Markdown Filter') LIMIT 1[0m
  [4;35;1mRadiant::ExtensionMeta Load (0.000375)[0m   [0mSELECT * FROM extension_meta WHERE (extension_meta.`name` = 'Textile Filter') LIMIT 1[0m


Processing SiteController#show_page (for 127.0.0.1 at 2007-05-27 12:51:09) [GET]
  Parameters: {"url"=>["styles.css"], "action"=>"show_page", "controller"=>"site"}
  [4;36;1mRadiant::Config Columns (0.000527)[0m   [0;1mSHOW FIELDS FROM config[0m
  [4;35;1mRadiant::Config Load (0.000280)[0m   [0mSELECT * FROM config WHERE (config.`key` = 'dev.host') LIMIT 1[0m
  [4;36;1mRadiant::Config Load (0.000135)[0m   [0;1mSELECT * FROM config WHERE (config.`key` = 'dev.host') LIMIT 1[0m
  [4;35;1mPage Columns (0.000752)[0m   [0mSHOW FIELDS FROM pages[0m
  [4;36;1mPage Load (0.000318)[0m   [0;1mSELECT * FROM pages WHERE (pages.`parent_id` IS NULL) LIMIT 1[0m
  [4;35;1mPage Load (0.000274)[0m   [0mSELECT * FROM pages WHERE (pages.parent_id = 1) AND (pages.`slug` = 'styles.css') LIMIT 1[0m
  [4;36;1mPage Load (0.000168)[0m   [0;1mSELECT * FROM pages WHERE (pages.`id` = 1) [0m
  [4;35;1mLayout Columns (0.000625)[0m   [0mSHOW FIELDS FROM layouts[0m
  [4;36;1mLayout Load (0.000281)[0m   [0;1mSELECT * FROM layouts WHERE (layouts.`id` = 2) ORDER BY name[0m
  [4;35;1mPagePart Columns (0.000583)[0m   [0mSHOW FIELDS FROM page_parts[0m
  [4;36;1mPagePart Load (0.000299)[0m   [0;1mSELECT * FROM page_parts WHERE (page_parts.page_id = 7) AND (page_parts.`name` = 'body') LIMIT 1[0m
  [4;35;1mRadiant::Config Load (0.000260)[0m   [0mSELECT * FROM config WHERE (config.`key` = 'dev.host') LIMIT 1[0m
Cached page: /var/www/rails/planb-site/config/../cache/styles.css (0.00032)
Completed in 0.04359 (22 reqs/sec) | DB: 0.00644 (14%) | 200 OK [http://localhost/styles.css]
  [4;36;1mRadiant::ExtensionMeta Columns (0.000550)[0m   [0;1mSHOW FIELDS FROM extension_meta[0m
  [4;35;1mRadiant::ExtensionMeta Load (0.000248)[0m   [0mSELECT * FROM extension_meta WHERE (extension_meta.`name` = 'Markdown Filter') LIMIT 1[0m
  [4;36;1mRadiant::ExtensionMeta Load (0.000256)[0m   [0;1mSELECT * FROM extension_meta WHERE (extension_meta.`name` = 'Textile Filter') LIMIT 1[0m
  [4;36;1mSQL (0.000113)[0m   [0;1mSET SQL_AUTO_IS_NULL=0[0m
  [4;35;1mSQL (0.000261)[0m   [0mselect count(*) from extension_meta[0m
  [4;36;1mRadiant::ExtensionMeta Columns (0.000642)[0m   [0;1mSHOW FIELDS FROM extension_meta[0m
  [4;35;1mRadiant::ExtensionMeta Load (0.000193)[0m   [0mSELECT * FROM extension_meta WHERE (extension_meta.`name` = 'Markdown Filter') LIMIT 1[0m
  [4;36;1mRadiant::ExtensionMeta Load (0.000258)[0m   [0;1mSELECT * FROM extension_meta WHERE (extension_meta.`name` = 'Textile Filter') LIMIT 1[0m


Processing SiteController#show_page (for 68.34.3.69 at 2007-05-27 12:59:06) [GET]
  Parameters: {"url"=>"/", "action"=>"show_page", "controller"=>"site"}
  [4;35;1mRadiant::Config Columns (0.000978)[0m   [0mSHOW FIELDS FROM config[0m
  [4;36;1mRadiant::Config Load (0.000509)[0m   [0;1mSELECT * FROM config WHERE (config.`key` = 'dev.host') LIMIT 1[0m
  [4;35;1mRadiant::Config Load (0.000359)[0m   [0mSELECT * FROM config WHERE (config.`key` = 'dev.host') LIMIT 1[0m
  [4;36;1mPage Columns (0.001574)[0m   [0;1mSHOW FIELDS FROM pages[0m
  [4;35;1mPage Load (0.000594)[0m   [0mSELECT * FROM pages WHERE (pages.`parent_id` IS NULL) LIMIT 1[0m
  [4;36;1mLayout Columns (0.001191)[0m   [0;1mSHOW FIELDS FROM layouts[0m
  [4;35;1mLayout Load (0.000508)[0m   [0mSELECT * FROM layouts WHERE (layouts.`id` = 1) ORDER BY name[0m
  [4;36;1mSnippet Columns (0.001293)[0m   [0;1mSHOW FIELDS FROM snippets[0m
  [4;35;1mSnippet Load (0.000584)[0m   [0mSELECT * FROM snippets WHERE (snippets.`name` = 'header') LIMIT 1[0m
  [4;36;1mPagePart Columns (0.001049)[0m   [0;1mSHOW FIELDS FROM page_parts[0m
  [4;35;1mPagePart Load (0.000485)[0m   [0mSELECT * FROM page_parts WHERE (page_parts.page_id = 1) AND (page_parts.`name` = 'body') LIMIT 1[0m
  [4;36;1mPage Load (0.000400)[0m   [0;1mSELECT * FROM pages WHERE (pages.`parent_id` IS NULL) LIMIT 1[0m
  [4;35;1mPage Load (0.000401)[0m   [0mSELECT * FROM pages WHERE (pages.parent_id = 1) AND (pages.`slug` = 'articles') LIMIT 1[0m
  [4;36;1mArchivePage Columns (0.001595)[0m   [0;1mSHOW FIELDS FROM pages[0m
  [4;35;1mPage Load (0.000591)[0m   [0mSELECT * FROM pages WHERE (pages.`id` = 1) [0m
  [4;36;1mPage Load (0.000568)[0m   [0;1mSELECT * FROM pages WHERE (pages.parent_id = 4 AND ((virtual = 0) and (status_id = 100))) ORDER BY published_at DESC, virtual DESC, title ASC LIMIT 1[0m
  [4;35;1mPage Load (0.000371)[0m   [0mSELECT * FROM pages WHERE (pages.`id` = 4) [0m
  [4;36;1mPage Load (0.000333)[0m   [0;1mSELECT * FROM pages WHERE (pages.`id` = 1) [0m
  [4;35;1mPagePart Load (0.000478)[0m   [0mSELECT * FROM page_parts WHERE (page_parts.page_id = 8) AND (page_parts.`name` = 'body') LIMIT 1[0m
  [4;36;1mPagePart Load (0.000483)[0m   [0;1mSELECT * FROM page_parts WHERE (page_parts.page_id = 8) AND (page_parts.`name` = 'extended') LIMIT 1[0m
  [4;35;1mUser Columns (0.001441)[0m   [0mSHOW FIELDS FROM users[0m
  [4;36;1mUser Load (0.000622)[0m   [0;1mSELECT * FROM users WHERE (users.`id` = 1) ORDER BY name[0m
  [4;35;1mPage Load (0.000624)[0m   [0mSELECT * FROM pages WHERE (pages.parent_id = 4 AND ((virtual = 0) and (status_id = 100))) ORDER BY published_at DESC, virtual DESC, title ASC LIMIT 1, 4[0m
  [4;36;1mPage Load (0.000442)[0m   [0;1mSELECT * FROM pages WHERE (pages.`id` = 4) [0m
  [4;35;1mPage Load (0.000352)[0m   [0mSELECT * FROM pages WHERE (pages.`id` = 1) [0m
  [4;36;1mPagePart Load (0.011894)[0m   [0;1mSELECT * FROM page_parts WHERE (page_parts.page_id = 6) AND (page_parts.`name` = 'body') LIMIT 1[0m
  [4;35;1mPagePart Load (0.000502)[0m   [0mSELECT * FROM page_parts WHERE (page_parts.page_id = 6) AND (page_parts.`name` = 'extended') LIMIT 1[0m
  [4;36;1mUser Load (0.000349)[0m   [0;1mSELECT * FROM users WHERE (users.`id` = 1) ORDER BY name[0m
  [4;35;1mPage Load (0.000398)[0m   [0mSELECT * FROM pages WHERE (pages.`id` = 4) [0m
  [4;36;1mPage Load (0.000380)[0m   [0;1mSELECT * FROM pages WHERE (pages.`id` = 1) [0m
  [4;35;1mPagePart Load (0.000480)[0m   [0mSELECT * FROM page_parts WHERE (page_parts.page_id = 5) AND (page_parts.`name` = 'body') LIMIT 1[0m
  [4;36;1mPagePart Load (0.000491)[0m   [0;1mSELECT * FROM page_parts WHERE (page_parts.page_id = 5) AND (page_parts.`name` = 'extended') LIMIT 1[0m
  [4;35;1mUser Load (0.000342)[0m   [0mSELECT * FROM users WHERE (users.`id` = 1) ORDER BY name[0m
  [4;36;1mPagePart Load (0.000485)[0m   [0;1mSELECT * FROM page_parts WHERE (page_parts.page_id = 1) AND (page_parts.`name` = 'extended') LIMIT 1[0m
  [4;35;1mPagePart Load (0.000349)[0m   [0mSELECT * FROM page_parts WHERE (page_parts.page_id = 1) AND (page_parts.`name` = 'sidebar') LIMIT 1[0m
  [4;36;1mPagePart Load (0.000312)[0m   [0;1mSELECT * FROM page_parts WHERE (page_parts.page_id = 1) AND (page_parts.`name` = 'sidebar') LIMIT 1[0m
  [4;35;1mPage Load (0.000384)[0m   [0mSELECT * FROM pages WHERE (pages.`parent_id` IS NULL) LIMIT 1[0m
  [4;36;1mPage Load (0.000401)[0m   [0;1mSELECT * FROM pages WHERE (pages.parent_id = 1) AND (pages.`slug` = 'articles') LIMIT 1[0m
  [4;35;1mPage Load (0.000353)[0m   [0mSELECT * FROM pages WHERE (pages.`id` = 1) [0m
  [4;36;1mPage Load (0.000594)[0m   [0;1mSELECT * FROM pages WHERE (pages.parent_id = 4 AND ((virtual = 0) and (status_id = 100))) ORDER BY published_at DESC, virtual DESC, title ASC LIMIT 5, 10[0m
  [4;35;1mSnippet Load (0.000485)[0m   [0mSELECT * FROM snippets WHERE (snippets.`name` = 'footer') LIMIT 1[0m
  [4;36;1mRadiant::Config Load (0.000451)[0m   [0;1mSELECT * FROM config WHERE (config.`key` = 'dev.host') LIMIT 1[0m
Cached page: /var/www/rails/planb-site/config/../cache/index (0.00065)
Completed in 0.53367 (1 reqs/sec) | DB: 0.03794 (7%) | 200 OK [http://planbsite.strib.ath.cx/]
  [4;35;1mRadiant::ExtensionMeta Columns (0.000931)[0m   [0mSHOW FIELDS FROM extension_meta[0m
  [4;36;1mRadiant::ExtensionMeta Load (0.000447)[0m   [0;1mSELECT * FROM extension_meta WHERE (extension_meta.`name` = 'Markdown Filter') LIMIT 1[0m
  [4;35;1mRadiant::ExtensionMeta Load (0.000387)[0m   [0mSELECT * FROM extension_meta WHERE (extension_meta.`name` = 'Textile Filter') LIMIT 1[0m


Processing SiteController#show_page (for 68.34.3.69 at 2007-05-27 12:59:08) [GET]
  Parameters: {"url"=>["styles.css"], "action"=>"show_page", "controller"=>"site"}
  [4;36;1mRadiant::Config Columns (0.000561)[0m   [0;1mSHOW FIELDS FROM config[0m
  [4;35;1mRadiant::Config Load (0.000204)[0m   [0mSELECT * FROM config WHERE (config.`key` = 'dev.host') LIMIT 1[0m
  [4;36;1mRadiant::Config Load (0.000154)[0m   [0;1mSELECT * FROM config WHERE (config.`key` = 'dev.host') LIMIT 1[0m
  [4;35;1mPage Columns (0.000849)[0m   [0mSHOW FIELDS FROM pages[0m
  [4;36;1mPage Load (0.000217)[0m   [0;1mSELECT * FROM pages WHERE (pages.`parent_id` IS NULL) LIMIT 1[0m
  [4;35;1mPage Load (0.000270)[0m   [0mSELECT * FROM pages WHERE (pages.parent_id = 1) AND (pages.`slug` = 'styles.css') LIMIT 1[0m
  [4;36;1mPage Load (0.000169)[0m   [0;1mSELECT * FROM pages WHERE (pages.`id` = 1) [0m
  [4;35;1mLayout Columns (0.000721)[0m   [0mSHOW FIELDS FROM layouts[0m
  [4;36;1mLayout Load (0.000202)[0m   [0;1mSELECT * FROM layouts WHERE (layouts.`id` = 2) ORDER BY name[0m
  [4;35;1mPagePart Columns (0.000658)[0m   [0mSHOW FIELDS FROM page_parts[0m
  [4;36;1mPagePart Load (0.000226)[0m   [0;1mSELECT * FROM page_parts WHERE (page_parts.page_id = 7) AND (page_parts.`name` = 'body') LIMIT 1[0m
  [4;35;1mRadiant::Config Load (0.000262)[0m   [0mSELECT * FROM config WHERE (config.`key` = 'dev.host') LIMIT 1[0m
Cached page: /var/www/rails/planb-site/config/../cache/styles.css (0.00032)
Completed in 0.04463 (22 reqs/sec) | DB: 0.00626 (14%) | 200 OK [http://planbsite.strib.ath.cx/styles.css]
  [4;36;1mRadiant::ExtensionMeta Columns (0.000627)[0m   [0;1mSHOW FIELDS FROM extension_meta[0m
  [4;35;1mRadiant::ExtensionMeta Load (0.000174)[0m   [0mSELECT * FROM extension_meta WHERE (extension_meta.`name` = 'Markdown Filter') LIMIT 1[0m
  [4;36;1mRadiant::ExtensionMeta Load (0.000269)[0m   [0;1mSELECT * FROM extension_meta WHERE (extension_meta.`name` = 'Textile Filter') LIMIT 1[0m


Processing SiteController#show_page (for 68.34.3.69 at 2007-05-27 12:59:12) [GET]
  Parameters: {"url"=>["articles", "2007", "05", "27", "third-post"], "action"=>"show_page", "controller"=>"site"}
  [4;35;1mRadiant::Config Columns (0.001116)[0m   [0mSHOW FIELDS FROM config[0m
  [4;36;1mRadiant::Config Load (0.000344)[0m   [0;1mSELECT * FROM config WHERE (config.`key` = 'dev.host') LIMIT 1[0m
  [4;35;1mRadiant::Config Load (0.000265)[0m   [0mSELECT * FROM config WHERE (config.`key` = 'dev.host') LIMIT 1[0m
  [4;36;1mPage Columns (0.001697)[0m   [0;1mSHOW FIELDS FROM pages[0m
  [4;35;1mPage Load (0.000398)[0m   [0mSELECT * FROM pages WHERE (pages.`parent_id` IS NULL) LIMIT 1[0m
  [4;36;1mPage Load (0.000461)[0m   [0;1mSELECT * FROM pages WHERE (pages.parent_id = 1) AND (pages.`slug` = 'articles') LIMIT 1[0m
  [4;35;1mArchivePage Columns (0.001708)[0m   [0mSHOW FIELDS FROM pages[0m
  [4;36;1mPage Load (0.000387)[0m   [0;1mSELECT * FROM pages WHERE (pages.`id` = 1) [0m
  [4;35;1mPage Load (0.000427)[0m   [0mSELECT * FROM pages WHERE (pages.parent_id = 4) AND (pages.`slug` = '2007') LIMIT 1[0m
  [4;36;1mPage Load (0.000473)[0m   [0;1mSELECT * FROM pages WHERE (pages.parent_id = 4) ORDER BY virtual DESC, title ASC[0m
  [4;35;1mPage Load (0.000348)[0m   [0mSELECT * FROM pages WHERE (pages.`id` = 4) [0m
  [4;36;1mPage Load (0.000339)[0m   [0;1mSELECT * FROM pages WHERE (pages.`id` = 1) [0m
  [4;35;1mPage Load (0.000339)[0m   [0mSELECT * FROM pages WHERE (pages.`id` = 4) [0m
  [4;36;1mPage Load (0.000331)[0m   [0;1mSELECT * FROM pages WHERE (pages.`id` = 1) [0m
  [4;35;1mPage Load (0.000338)[0m   [0mSELECT * FROM pages WHERE (pages.`id` = 4) [0m
  [4;36;1mPage Load (0.000335)[0m   [0;1mSELECT * FROM pages WHERE (pages.`id` = 1) [0m
  [4;35;1mLayout Columns (0.001361)[0m   [0mSHOW FIELDS FROM layouts[0m
  [4;36;1mLayout Load (0.000380)[0m   [0;1mSELECT * FROM layouts WHERE (layouts.`id` = 1) ORDER BY name[0m
  [4;35;1mSnippet Columns (0.001468)[0m   [0mSHOW FIELDS FROM snippets[0m
  [4;36;1mSnippet Load (0.000434)[0m   [0;1mSELECT * FROM snippets WHERE (snippets.`name` = 'header') LIMIT 1[0m
  [4;35;1mPagePart Columns (0.001219)[0m   [0mSHOW FIELDS FROM page_parts[0m
  [4;36;1mPagePart Load (0.000425)[0m   [0;1mSELECT * FROM page_parts WHERE (page_parts.page_id = 8) AND (page_parts.`name` = 'body') LIMIT 1[0m
  [4;35;1mPagePart Load (0.000506)[0m   [0mSELECT * FROM page_parts WHERE (page_parts.page_id = 8) AND (page_parts.`name` = 'extended') LIMIT 1[0m
  [4;36;1mUser Columns (0.001642)[0m   [0;1mSHOW FIELDS FROM users[0m
  [4;35;1mUser Load (0.000397)[0m   [0mSELECT * FROM users WHERE (users.`id` = 1) ORDER BY name[0m
  [4;36;1mPagePart Load (0.000474)[0m   [0;1mSELECT * FROM page_parts WHERE (page_parts.page_id = 8) AND (page_parts.`name` = 'sidebar') LIMIT 1[0m
  [4;35;1mPagePart Load (0.000349)[0m   [0mSELECT * FROM page_parts WHERE (page_parts.page_id = 4) AND (page_parts.`name` = 'sidebar') LIMIT 1[0m
  [4;36;1mPagePart Load (0.000380)[0m   [0;1mSELECT * FROM page_parts WHERE (page_parts.page_id = 4) AND (page_parts.`name` = 'sidebar') LIMIT 1[0m
  [4;35;1mPage Load (0.000355)[0m   [0mSELECT * FROM pages WHERE (pages.`parent_id` IS NULL) LIMIT 1[0m
  [4;36;1mPage Load (0.000394)[0m   [0;1mSELECT * FROM pages WHERE (pages.parent_id = 1) AND (pages.`slug` = 'articles') LIMIT 1[0m
  [4;35;1mPage Load (0.000346)[0m   [0mSELECT * FROM pages WHERE (pages.`id` = 1) [0m
  [4;36;1mPage Load (0.000595)[0m   [0;1mSELECT * FROM pages WHERE (pages.parent_id = 4 AND ((virtual = 0) and (status_id = 100))) ORDER BY published_at DESC, virtual DESC, title ASC[0m
  [4;35;1mSnippet Load (0.000499)[0m   [0mSELECT * FROM snippets WHERE (snippets.`name` = 'footer') LIMIT 1[0m
  [4;36;1mRadiant::Config Load (0.000417)[0m   [0;1mSELECT * FROM config WHERE (config.`key` = 'dev.host') LIMIT 1[0m
Cached page: /var/www/rails/planb-site/config/../cache/articles/2007/05/27/third-post (0.00242)
Completed in 0.27075 (3 reqs/sec) | DB: 0.02202 (8%) | 200 OK [http://planbsite.strib.ath.cx/articles/2007/05/27/third-post/]
  [4;35;1mRadiant::ExtensionMeta Columns (0.001133)[0m   [0mSHOW FIELDS FROM extension_meta[0m
  [4;36;1mRadiant::ExtensionMeta Load (0.000302)[0m   [0;1mSELECT * FROM extension_meta WHERE (extension_meta.`name` = 'Markdown Filter') LIMIT 1[0m
  [4;35;1mRadiant::ExtensionMeta Load (0.000402)[0m   [0mSELECT * FROM extension_meta WHERE (extension_meta.`name` = 'Textile Filter') LIMIT 1[0m


Processing SiteController#show_page (for 68.34.3.69 at 2007-05-27 12:59:14) [GET]
  Parameters: {"url"=>["styles.css"], "action"=>"show_page", "controller"=>"site"}
  [4;36;1mRadiant::Config Columns (0.001036)[0m   [0;1mSHOW FIELDS FROM config[0m
  [4;35;1mRadiant::Config Load (0.000349)[0m   [0mSELECT * FROM config WHERE (config.`key` = 'dev.host') LIMIT 1[0m
Completed in 0.00599 (166 reqs/sec) | DB: 0.00322 (53%) | 304 Not Modified [http://planbsite.strib.ath.cx/styles.css]
  [4;36;1mRadiant::ExtensionMeta Columns (0.000635)[0m   [0;1mSHOW FIELDS FROM extension_meta[0m
  [4;35;1mRadiant::ExtensionMeta Load (0.000172)[0m   [0mSELECT * FROM extension_meta WHERE (extension_meta.`name` = 'Markdown Filter') LIMIT 1[0m
  [4;36;1mRadiant::ExtensionMeta Load (0.000268)[0m   [0;1mSELECT * FROM extension_meta WHERE (extension_meta.`name` = 'Textile Filter') LIMIT 1[0m
  [4;36;1mSQL (0.000115)[0m   [0;1mSET SQL_AUTO_IS_NULL=0[0m
  [4;35;1mSQL (0.000259)[0m   [0mselect count(*) from extension_meta[0m
  [4;36;1mRadiant::ExtensionMeta Columns (0.000629)[0m   [0;1mSHOW FIELDS FROM extension_meta[0m
  [4;35;1mRadiant::ExtensionMeta Load (0.000206)[0m   [0mSELECT * FROM extension_meta WHERE (extension_meta.`name` = 'Markdown Filter') LIMIT 1[0m
  [4;36;1mRadiant::ExtensionMeta Load (0.000267)[0m   [0;1mSELECT * FROM extension_meta WHERE (extension_meta.`name` = 'Textile Filter') LIMIT 1[0m
  [4;36;1mSQL (0.000118)[0m   [0;1mSET SQL_AUTO_IS_NULL=0[0m
  [4;35;1mSQL (0.000269)[0m   [0mselect count(*) from extension_meta[0m
  [4;36;1mRadiant::ExtensionMeta Columns (0.000618)[0m   [0;1mSHOW FIELDS FROM extension_meta[0m
  [4;35;1mRadiant::ExtensionMeta Load (0.000199)[0m   [0mSELECT * FROM extension_meta WHERE (extension_meta.`name` = 'Markdown Filter') LIMIT 1[0m
  [4;36;1mRadiant::ExtensionMeta Load (0.000274)[0m   [0;1mSELECT * FROM extension_meta WHERE (extension_meta.`name` = 'Textile Filter') LIMIT 1[0m
  [4;35;1mSQL (0.000193)[0m   [0mSELECT * FROM schema_info[0m
  [4;36;1mSQL (0.000203)[0m   [0;1mSHOW TABLES[0m
  [4;35;1mSQL (0.000471)[0m   [0mSHOW FIELDS FROM config[0m
  [4;36;1mSQL (0.000227)[0m   [0;1mSHOW KEYS FROM config[0m
  [4;35;1mSQL (0.000459)[0m   [0mSHOW FIELDS FROM extension_meta[0m
  [4;36;1mSQL (0.000186)[0m   [0;1mSHOW KEYS FROM extension_meta[0m
  [4;35;1mSQL (0.000578)[0m   [0mSHOW FIELDS FROM layouts[0m
  [4;36;1mSQL (0.000188)[0m   [0;1mSHOW KEYS FROM layouts[0m
  [4;35;1mSQL (0.000481)[0m   [0mSHOW FIELDS FROM page_parts[0m
  [4;36;1mSQL (0.000193)[0m   [0;1mSHOW KEYS FROM page_parts[0m
  [4;35;1mSQL (0.000766)[0m   [0mSHOW FIELDS FROM pages[0m
  [4;36;1mSQL (0.000208)[0m   [0;1mSHOW KEYS FROM pages[0m
  [4;35;1mSQL (0.000600)[0m   [0mSHOW FIELDS FROM snippets[0m
  [4;36;1mSQL (0.000214)[0m   [0;1mSHOW KEYS FROM snippets[0m
  [4;35;1mSQL (0.000718)[0m   [0mSHOW FIELDS FROM users[0m
  [4;36;1mSQL (0.000214)[0m   [0;1mSHOW KEYS FROM users[0m
  [4;35;1mSQL (0.000124)[0m   [0mSELECT * FROM schema_info[0m
  [4;36;1mSQL (0.000184)[0m   [0;1mSHOW TABLES[0m
  [4;35;1mSQL (0.000453)[0m   [0mSHOW FIELDS FROM config[0m
  [4;36;1mSQL (0.000215)[0m   [0;1mSHOW KEYS FROM config[0m
  [4;35;1mSQL (0.000468)[0m   [0mSHOW FIELDS FROM extension_meta[0m
  [4;36;1mSQL (0.000184)[0m   [0;1mSHOW KEYS FROM extension_meta[0m
  [4;35;1mSQL (0.041414)[0m   [0mSHOW FIELDS FROM layouts[0m
  [4;36;1mSQL (0.001165)[0m   [0;1mSHOW KEYS FROM layouts[0m
  [4;35;1mSQL (0.000625)[0m   [0mSHOW FIELDS FROM page_parts[0m
  [4;36;1mSQL (0.000215)[0m   [0;1mSHOW KEYS FROM page_parts[0m
  [4;35;1mSQL (0.000788)[0m   [0mSHOW FIELDS FROM pages[0m
  [4;36;1mSQL (0.000225)[0m   [0;1mSHOW KEYS FROM pages[0m
  [4;35;1mSQL (0.000622)[0m   [0mSHOW FIELDS FROM snippets[0m
  [4;36;1mSQL (0.000220)[0m   [0;1mSHOW KEYS FROM snippets[0m
  [4;35;1mSQL (0.000738)[0m   [0mSHOW FIELDS FROM users[0m
  [4;36;1mSQL (0.000241)[0m   [0;1mSHOW KEYS FROM users[0m
  [4;35;1mSQL (0.000066)[0m   [0mSET SQL_AUTO_IS_NULL=0[0m
  [4;36;1mSQL (0.000211)[0m   [0;1mDROP DATABASE IF EXISTS `planb_site_test`[0m
  [4;35;1mSQL (0.000142)[0m   [0mCREATE DATABASE `planb_site_test`[0m
  [4;36;1mSQL (0.000060)[0m   [0;1mSET SQL_AUTO_IS_NULL=0[0m
  [4;35;1mSQL (0.000177)[0m   [0mDROP DATABASE IF EXISTS `planb_site_test`[0m
  [4;36;1mSQL (0.000122)[0m   [0;1mCREATE DATABASE `planb_site_test`[0m
  [4;35;1mSQL (0.000075)[0m   [0mSET SQL_AUTO_IS_NULL=0[0m
  [4;36;1mSQL (0.000000)[0m   [0;1mMysql::Error: Unknown table 'config': DROP TABLE config[0m
  [4;35;1mSQL (0.020788)[0m   [0mCREATE TABLE config (`id` int(11) DEFAULT NULL auto_increment PRIMARY KEY, `key` varchar(40) DEFAULT '' NOT NULL, `value` varchar(255) DEFAULT '') ENGINE=InnoDB[0m
  [4;36;1mSQL (0.030202)[0m   [0;1mCREATE UNIQUE INDEX `key` ON config (`key`)[0m
  [4;35;1mSQL (0.000000)[0m   [0mMysql::Error: Unknown table 'extension_meta': DROP TABLE extension_meta[0m
  [4;36;1mSQL (0.002122)[0m   [0;1mCREATE TABLE extension_meta (`id` int(11) DEFAULT NULL auto_increment PRIMARY KEY, `name` varchar(255) DEFAULT NULL, `schema_version` int(11) DEFAULT 0, `enabled` tinyint(1) DEFAULT 1) ENGINE=InnoDB[0m
  [4;35;1mSQL (0.000000)[0m   [0mMysql::Error: Unknown table 'layouts': DROP TABLE layouts[0m
  [4;36;1mSQL (0.001824)[0m   [0;1mCREATE TABLE layouts (`id` int(11) DEFAULT NULL auto_increment PRIMARY KEY, `name` varchar(100) DEFAULT NULL, `content` text DEFAULT NULL, `created_at` datetime DEFAULT NULL, `updated_at` datetime DEFAULT NULL, `created_by` int(11) DEFAULT NULL, `updated_by` int(11) DEFAULT NULL, `content_type` varchar(40) DEFAULT NULL, `lock_version` int(11) DEFAULT 0) ENGINE=InnoDB[0m
  [4;35;1mSQL (0.000000)[0m   [0mMysql::Error: Unknown table 'page_parts': DROP TABLE page_parts[0m
  [4;36;1mSQL (0.015869)[0m   [0;1mCREATE TABLE page_parts (`id` int(11) DEFAULT NULL auto_increment PRIMARY KEY, `name` varchar(100) DEFAULT NULL, `filter_id` varchar(25) DEFAULT NULL, `content` text DEFAULT NULL, `page_id` int(11) DEFAULT NULL) ENGINE=InnoDB[0m
  [4;35;1mSQL (0.000000)[0m   [0mMysql::Error: Unknown table 'pages': DROP TABLE pages[0m
  [4;36;1mSQL (0.002127)[0m   [0;1mCREATE TABLE pages (`id` int(11) DEFAULT NULL auto_increment PRIMARY KEY, `title` varchar(255) DEFAULT NULL, `slug` varchar(100) DEFAULT NULL, `breadcrumb` varchar(160) DEFAULT NULL, `class_name` varchar(25) DEFAULT NULL, `status_id` int(11) DEFAULT 1 NOT NULL, `parent_id` int(11) DEFAULT NULL, `layout_id` int(11) DEFAULT NULL, `created_at` datetime DEFAULT NULL, `updated_at` datetime DEFAULT NULL, `published_at` datetime DEFAULT NULL, `created_by` int(11) DEFAULT NULL, `updated_by` int(11) DEFAULT NULL, `virtual` tinyint(1) DEFAULT 0 NOT NULL, `lock_version` int(11) DEFAULT 0) ENGINE=InnoDB[0m
  [4;35;1mSQL (0.000000)[0m   [0mMysql::Error: Unknown table 'snippets': DROP TABLE snippets[0m
  [4;36;1mSQL (0.002114)[0m   [0;1mCREATE TABLE snippets (`id` int(11) DEFAULT NULL auto_increment PRIMARY KEY, `name` varchar(100) DEFAULT '' NOT NULL, `filter_id` varchar(25) DEFAULT NULL, `content` text DEFAULT NULL, `created_at` datetime DEFAULT NULL, `updated_at` datetime DEFAULT NULL, `created_by` int(11) DEFAULT NULL, `updated_by` int(11) DEFAULT NULL, `lock_version` int(11) DEFAULT 0) ENGINE=InnoDB[0m
  [4;35;1mSQL (0.003657)[0m   [0mCREATE UNIQUE INDEX `name` ON snippets (`name`)[0m
  [4;36;1mSQL (0.000000)[0m   [0;1mMysql::Error: Unknown table 'users': DROP TABLE users[0m
  [4;35;1mSQL (0.019539)[0m   [0mCREATE TABLE users (`id` int(11) DEFAULT NULL auto_increment PRIMARY KEY, `name` varchar(100) DEFAULT NULL, `email` varchar(255) DEFAULT NULL, `login` varchar(40) DEFAULT '' NOT NULL, `password` varchar(40) DEFAULT NULL, `created_at` datetime DEFAULT NULL, `updated_at` datetime DEFAULT NULL, `created_by` int(11) DEFAULT NULL, `updated_by` int(11) DEFAULT NULL, `admin` tinyint(1) DEFAULT 0 NOT NULL, `developer` tinyint(1) DEFAULT 0 NOT NULL, `notes` text DEFAULT NULL, `lock_version` int(11) DEFAULT 0) ENGINE=InnoDB[0m
  [4;36;1mSQL (0.004262)[0m   [0;1mCREATE UNIQUE INDEX `login` ON users (`login`)[0m
  [4;35;1mSQL (0.001412)[0m   [0mCREATE TABLE schema_info (version int(11))[0m
  [4;36;1mSQL (0.000183)[0m   [0;1mINSERT INTO schema_info (version) VALUES(0)[0m
  [4;35;1mSQL (0.000419)[0m   [0mSHOW FIELDS FROM schema_info[0m
  [4;36;1mSQL (0.000098)[0m   [0;1mUPDATE schema_info SET version = 15[0m
  [4;35;1mSQL (0.015498)[0m   [0mDROP TABLE config[0m
  [4;36;1mSQL (0.002879)[0m   [0;1mCREATE TABLE config (`id` int(11) DEFAULT NULL auto_increment PRIMARY KEY, `key` varchar(40) DEFAULT '' NOT NULL, `value` varchar(255) DEFAULT '') ENGINE=InnoDB[0m
  [4;35;1mSQL (0.003641)[0m   [0mCREATE UNIQUE INDEX `key` ON config (`key`)[0m
  [4;36;1mSQL (0.000781)[0m   [0;1mDROP TABLE extension_meta[0m
  [4;35;1mSQL (0.001831)[0m   [0mCREATE TABLE extension_meta (`id` int(11) DEFAULT NULL auto_increment PRIMARY KEY, `name` varchar(255) DEFAULT NULL, `schema_version` int(11) DEFAULT 0, `enabled` tinyint(1) DEFAULT 1) ENGINE=InnoDB[0m
  [4;36;1mSQL (0.001144)[0m   [0;1mDROP TABLE layouts[0m
  [4;35;1mSQL (0.002132)[0m   [0mCREATE TABLE layouts (`id` int(11) DEFAULT NULL auto_increment PRIMARY KEY, `name` varchar(100) DEFAULT NULL, `content` text DEFAULT NULL, `created_at` datetime DEFAULT NULL, `updated_at` datetime DEFAULT NULL, `created_by` int(11) DEFAULT NULL, `updated_by` int(11) DEFAULT NULL, `content_type` varchar(40) DEFAULT NULL, `lock_version` int(11) DEFAULT 0) ENGINE=InnoDB[0m
  [4;36;1mSQL (0.001129)[0m   [0;1mDROP TABLE page_parts[0m
  [4;35;1mSQL (0.001922)[0m   [0mCREATE TABLE page_parts (`id` int(11) DEFAULT NULL auto_increment PRIMARY KEY, `name` varchar(100) DEFAULT NULL, `filter_id` varchar(25) DEFAULT NULL, `content` text DEFAULT NULL, `page_id` int(11) DEFAULT NULL) ENGINE=InnoDB[0m
  [4;36;1mSQL (0.000850)[0m   [0;1mDROP TABLE pages[0m
  [4;35;1mSQL (0.011637)[0m   [0mCREATE TABLE pages (`id` int(11) DEFAULT NULL auto_increment PRIMARY KEY, `title` varchar(255) DEFAULT NULL, `slug` varchar(100) DEFAULT NULL, `breadcrumb` varchar(160) DEFAULT NULL, `class_name` varchar(25) DEFAULT NULL, `status_id` int(11) DEFAULT 1 NOT NULL, `parent_id` int(11) DEFAULT NULL, `layout_id` int(11) DEFAULT NULL, `created_at` datetime DEFAULT NULL, `updated_at` datetime DEFAULT NULL, `published_at` datetime DEFAULT NULL, `created_by` int(11) DEFAULT NULL, `updated_by` int(11) DEFAULT NULL, `virtual` tinyint(1) DEFAULT 0 NOT NULL, `lock_version` int(11) DEFAULT 0) ENGINE=InnoDB[0m
  [4;36;1mSQL (0.001171)[0m   [0;1mDROP TABLE snippets[0m
  [4;35;1mSQL (0.002086)[0m   [0mCREATE TABLE snippets (`id` int(11) DEFAULT NULL auto_increment PRIMARY KEY, `name` varchar(100) DEFAULT '' NOT NULL, `filter_id` varchar(25) DEFAULT NULL, `content` text DEFAULT NULL, `created_at` datetime DEFAULT NULL, `updated_at` datetime DEFAULT NULL, `created_by` int(11) DEFAULT NULL, `updated_by` int(11) DEFAULT NULL, `lock_version` int(11) DEFAULT 0) ENGINE=InnoDB[0m
  [4;36;1mSQL (0.003955)[0m   [0;1mCREATE UNIQUE INDEX `name` ON snippets (`name`)[0m
  [4;35;1mSQL (0.000854)[0m   [0mDROP TABLE users[0m
  [4;36;1mSQL (0.002522)[0m   [0;1mCREATE TABLE users (`id` int(11) DEFAULT NULL auto_increment PRIMARY KEY, `name` varchar(100) DEFAULT NULL, `email` varchar(255) DEFAULT NULL, `login` varchar(40) DEFAULT '' NOT NULL, `password` varchar(40) DEFAULT NULL, `created_at` datetime DEFAULT NULL, `updated_at` datetime DEFAULT NULL, `created_by` int(11) DEFAULT NULL, `updated_by` int(11) DEFAULT NULL, `admin` tinyint(1) DEFAULT 0 NOT NULL, `developer` tinyint(1) DEFAULT 0 NOT NULL, `notes` text DEFAULT NULL, `lock_version` int(11) DEFAULT 0) ENGINE=InnoDB[0m
  [4;35;1mSQL (0.012497)[0m   [0mCREATE UNIQUE INDEX `login` ON users (`login`)[0m
  [4;36;1mSQL (0.000000)[0m   [0;1mMysql::Error: Table 'schema_info' already exists: CREATE TABLE schema_info (version int(11))[0m
  [4;35;1mSQL (0.000483)[0m   [0mSHOW FIELDS FROM schema_info[0m
  [4;36;1mSQL (0.000096)[0m   [0;1mUPDATE schema_info SET version = 15[0m
